Using pre-set license
Built from '2020.3/release' branch; Version is '2020.3.15f2 (6cf78cb77498) revision 7141260'; Using compiler version '192528614'; Build Type 'Release'
OS: 'Windows 10 Education; OS build 19041.1110; Version 2004; 64bit' Language: 'en' Physical Memory: 16314 MB
BatchMode: 1, IsHumanControllingUs: 0, StartBugReporterOnCrash: 0, Is64bit: 1, IsPro: 0

 COMMAND LINE ARGUMENTS:
C:\Program Files\Unity\Hub\Editor\2020.3.15f2\Editor\Unity.exe
-adb2
-batchMode
-noUpm
-name
AssetImportWorker0
-projectPath
C:/Users/aburch13/Desktop/Game Design with Unity/DungeonTemplate/DungeonTemplate
-logFile
Logs/AssetImportWorker0.log
-srvPort
53742
Successfully changed project path to: C:/Users/aburch13/Desktop/Game Design with Unity/DungeonTemplate/DungeonTemplate
C:/Users/aburch13/Desktop/Game Design with Unity/DungeonTemplate/DungeonTemplate
Using Asset Import Pipeline V2.
Refreshing native plugins compatible for Editor in 48.03 ms, found 3 plugins.
Preloading 0 native plugins for Editor in 0.00 ms.
Initialize engine version: 2020.3.15f2 (6cf78cb77498)
[Subsystems] Discovering subsystems at path C:/Program Files/Unity/Hub/Editor/2020.3.15f2/Editor/Data/Resources/UnitySubsystems
[Subsystems] Discovering subsystems at path C:/Users/aburch13/Desktop/Game Design with Unity/DungeonTemplate/DungeonTemplate/Assets
GfxDevice: creating device client; threaded=0
Direct3D:
    Version:  Direct3D 11.0 [level 11.1]
    Renderer: NVIDIA GeForce GTX 1070 (ID=0x1b81)
    Vendor:   
    VRAM:     8088 MB
    Driver:   27.21.14.5671
Initialize mono
Mono path[0] = 'C:/Program Files/Unity/Hub/Editor/2020.3.15f2/Editor/Data/Managed'
Mono path[1] = 'C:/Program Files/Unity/Hub/Editor/2020.3.15f2/Editor/Data/MonoBleedingEdge/lib/mono/unityjit'
Mono config path = 'C:/Program Files/Unity/Hub/Editor/2020.3.15f2/Editor/Data/MonoBleedingEdge/etc'
Using monoOptions --debugger-agent=transport=dt_socket,embedding=1,server=y,suspend=n,address=127.0.0.1:56812
Begin MonoManager ReloadAssembly
Registering precompiled unity dll's ...
Register platform support module: C:/Program Files/Unity/Hub/Editor/2020.3.15f2/Editor/Data/PlaybackEngines/WebGLSupport/UnityEditor.WebGL.Extensions.dll
Register platform support module: C:/Program Files/Unity/Hub/Editor/2020.3.15f2/Editor/Data/PlaybackEngines/MacStandaloneSupport/UnityEditor.OSXStandalone.Extensions.dll
Register platform support module: C:/Program Files/Unity/Hub/Editor/2020.3.15f2/Editor/Data/PlaybackEngines/WindowsStandaloneSupport/UnityEditor.WindowsStandalone.Extensions.dll
Registered in 0.003626 seconds.
Native extension for WindowsStandalone target not found
Native extension for OSXStandalone target not found
Native extension for WebGL target not found
Refreshing native plugins compatible for Editor in 49.92 ms, found 3 plugins.
Preloading 0 native plugins for Editor in 0.00 ms.
Mono: successfully reloaded assembly
- Completed reload, in  2.310 seconds
Domain Reload Profiling:
	ReloadAssembly (2311ms)
		BeginReloadAssembly (62ms)
			ExecutionOrderSort (0ms)
			DisableScriptedObjects (0ms)
			BackupInstance (0ms)
			ReleaseScriptingObjects (0ms)
			CreateAndSetChildDomain (1ms)
		EndReloadAssembly (492ms)
			LoadAssemblies (60ms)
			RebuildTransferFunctionScriptingTraits (0ms)
			SetupTypeCache (179ms)
			ReleaseScriptCaches (0ms)
			RebuildScriptCaches (27ms)
			SetupLoadedEditorAssemblies (173ms)
				LogAssemblyErrors (0ms)
				InitializePlatformSupportModulesInManaged (6ms)
				SetLoadedEditorAssemblies (0ms)
				RefreshPlugins (50ms)
				BeforeProcessingInitializeOnLoad (14ms)
				ProcessInitializeOnLoadAttributes (77ms)
				ProcessInitializeOnLoadMethodAttributes (27ms)
				AfterProcessingInitializeOnLoad (0ms)
				EditorAssembliesLoaded (0ms)
			ExecutionOrderSort2 (0ms)
			AwakeInstancesAfterBackupRestoration (0ms)
Platform modules already initialized, skipping
Registering precompiled user dll's ...
Registered in 0.007379 seconds.
Begin MonoManager ReloadAssembly
Native extension for WindowsStandalone target not found
Native extension for OSXStandalone target not found
Native extension for WebGL target not found
Refreshing native plugins compatible for Editor in 48.17 ms, found 3 plugins.
Preloading 0 native plugins for Editor in 0.00 ms.
Mono: successfully reloaded assembly
- Completed reload, in  1.316 seconds
Domain Reload Profiling:
	ReloadAssembly (1317ms)
		BeginReloadAssembly (155ms)
			ExecutionOrderSort (0ms)
			DisableScriptedObjects (4ms)
			BackupInstance (0ms)
			ReleaseScriptingObjects (0ms)
			CreateAndSetChildDomain (19ms)
		EndReloadAssembly (1094ms)
			LoadAssemblies (100ms)
			RebuildTransferFunctionScriptingTraits (0ms)
			SetupTypeCache (318ms)
			ReleaseScriptCaches (0ms)
			RebuildScriptCaches (51ms)
			SetupLoadedEditorAssemblies (502ms)
				LogAssemblyErrors (0ms)
				InitializePlatformSupportModulesInManaged (8ms)
				SetLoadedEditorAssemblies (0ms)
				RefreshPlugins (48ms)
				BeforeProcessingInitializeOnLoad (114ms)
				ProcessInitializeOnLoadAttributes (304ms)
				ProcessInitializeOnLoadMethodAttributes (18ms)
				AfterProcessingInitializeOnLoad (8ms)
				EditorAssembliesLoaded (0ms)
			ExecutionOrderSort2 (0ms)
			AwakeInstancesAfterBackupRestoration (7ms)
Platform modules already initialized, skipping
========================================================================
Worker process is ready to serve import requests
Launched and connected shader compiler UnityShaderCompiler.exe after 0.05 seconds
Refreshing native plugins compatible for Editor in 0.61 ms, found 3 plugins.
Preloading 0 native plugins for Editor in 0.00 ms.
Unloading 2230 Unused Serialized files (Serialized files now loaded: 0)
System memory in use before: 100.8 MB.
System memory in use after: 100.9 MB.

Unloading 29 unused Assets to reduce memory usage. Loaded Objects now: 2677.
Total: 4.127400 ms (FindLiveObjects: 0.214000 ms CreateObjectMapping: 0.080900 ms MarkObjects: 3.732900 ms  DeleteObjects: 0.097700 ms)

AssetImportParameters requested are different than current active one (requested -> active):
  custom:framework-win-MediaFoundation: 216162199b28c13a410421893ffa2e32 -> 
  custom:video-decoder-ogg-theora: a1e56fd34408186e4bbccfd4996cb3dc -> 
  custom:container-muxer-webm: aa71ff27fc2769a1b78a27578f13a17b -> 
  custom:container-demuxer-webm: 4f35f7cbe854078d1ac9338744f61a02 -> 
  custom:container-demuxer-ogg: 62fdf1f143b41e24485cea50d1cbac27 -> 
  custom:video-encoder-webm-vp8: eb34c28f22e8b96e1ab97ce403110664 -> 
  custom:video-decoder-webm-vp8: 9c59270c3fd7afecdb556c50c9e8de78 -> 
  custom:audio-decoder-ogg-vorbis: bf7c407c2cedff20999df2af8eb42d56 -> 
  custom:audio-encoder-webm-vorbis: bf7c407c2cedff20999df2af8eb42d56 -> 
========================================================================
Received Import Request.
  path: Assets/Prefabs/Exit.prefab
  artifactKey: Guid(75b07c4f35bbce141b226ebd424f69bf) Importer(815301076,1909f56bfc062723c751e8b465ee728b)
Start importing Assets/Prefabs/Exit.prefab using Guid(75b07c4f35bbce141b226ebd424f69bf) Importer(815301076,1909f56bfc062723c751e8b465ee728b)  -> (artifact id: 'b2524d94f66f7541780db606ada1c82b') in 0.115668 seconds 
  Import took 0.119793 seconds .

========================================================================
Received Import Request.
  Time since last request: 0.000235 seconds.
  path: Assets/Prefabs/Diamond.prefab
  artifactKey: Guid(ea7b35f92da76884fa09a09dbbf441d4) Importer(815301076,1909f56bfc062723c751e8b465ee728b)
Start importing Assets/Prefabs/Diamond.prefab using Guid(ea7b35f92da76884fa09a09dbbf441d4) Importer(815301076,1909f56bfc062723c751e8b465ee728b)  -> (artifact id: '351220139972706669d91ae23de210ab') in 0.012920 seconds 
  Import took 0.016256 seconds .

========================================================================
Received Import Request.
  Time since last request: 0.000248 seconds.
  path: Assets/Prefabs/Player.prefab
  artifactKey: Guid(0ad86b1a233cf4c4aa5b0ab26797b13b) Importer(815301076,1909f56bfc062723c751e8b465ee728b)
Start importing Assets/Prefabs/Player.prefab using Guid(0ad86b1a233cf4c4aa5b0ab26797b13b) Importer(815301076,1909f56bfc062723c751e8b465ee728b)  -> (artifact id: '1050dd5a14e975c1c6f941033cc22b0e') in 0.113520 seconds 
  Import took 0.117311 seconds .

========================================================================
Received Import Request.
  Time since last request: 0.000345 seconds.
  path: Assets/Prefabs
  artifactKey: Guid(3effaecbecf363b4d949a1cf21e5f011) Importer(815301076,1909f56bfc062723c751e8b465ee728b)
Start importing Assets/Prefabs using Guid(3effaecbecf363b4d949a1cf21e5f011) Importer(815301076,1909f56bfc062723c751e8b465ee728b)  -> (artifact id: 'da1bc30d9b3fdf3b513ada2e53e1973f') in 0.004883 seconds 
  Import took 0.009087 seconds .

========================================================================
Received Import Request.
  Time since last request: 0.000228 seconds.
  path: Assets/Prefabs/A_.prefab
  artifactKey: Guid(f5e07c7dbfb41d140b443c1111e05cde) Importer(815301076,1909f56bfc062723c751e8b465ee728b)
Start importing Assets/Prefabs/A_.prefab using Guid(f5e07c7dbfb41d140b443c1111e05cde) Importer(815301076,1909f56bfc062723c751e8b465ee728b)  -> (artifact id: '6ada1d4c1d8718a4d46211f190bce2e2') in 0.017691 seconds 
  Import took 0.021641 seconds .

========================================================================
Received Import Request.
  Time since last request: 0.000274 seconds.
  path: Assets/Prefabs/Red Knight.prefab
  artifactKey: Guid(1455bedd648609946a6dc288bf5cfe55) Importer(815301076,1909f56bfc062723c751e8b465ee728b)
Start importing Assets/Prefabs/Red Knight.prefab using Guid(1455bedd648609946a6dc288bf5cfe55) Importer(815301076,1909f56bfc062723c751e8b465ee728b)  -> (artifact id: 'f043bfa352fae43efa30a8593589020f') in 0.021787 seconds 
  Import took 0.025607 seconds .

========================================================================
Received Import Request.
  Time since last request: 0.000234 seconds.
  path: Assets/Prefabs/Projectile.prefab
  artifactKey: Guid(a2621e82b0951274f934dfc2347a25f5) Importer(815301076,1909f56bfc062723c751e8b465ee728b)
Start importing Assets/Prefabs/Projectile.prefab using Guid(a2621e82b0951274f934dfc2347a25f5) Importer(815301076,1909f56bfc062723c751e8b465ee728b)  -> (artifact id: '21d99018f5171f5debad074eea709c02') in 0.012710 seconds 
  Import took 0.016619 seconds .

========================================================================
Received Import Request.
  Time since last request: 0.000242 seconds.
  path: Assets/Prefabs/EventSystem.prefab
  artifactKey: Guid(eadd53d7e44c77340b348103c98bc19b) Importer(815301076,1909f56bfc062723c751e8b465ee728b)
Start importing Assets/Prefabs/EventSystem.prefab using Guid(eadd53d7e44c77340b348103c98bc19b) Importer(815301076,1909f56bfc062723c751e8b465ee728b)  -> (artifact id: '135b135f74e9f694dc08e5493950c96d') in 0.009920 seconds 
  Import took 0.015129 seconds .

========================================================================
Received Import Request.
  Time since last request: 311.305244 seconds.
  path: Assets/Sprites
  artifactKey: Guid(5d0146dcfc1dbd7409b0ea19185da327) Importer(815301076,1909f56bfc062723c751e8b465ee728b)
Start importing Assets/Sprites using Guid(5d0146dcfc1dbd7409b0ea19185da327) Importer(815301076,1909f56bfc062723c751e8b465ee728b)  -> (artifact id: 'e4268d222d29fb63ea186b132d221257') in 0.003885 seconds 
  Import took 0.007785 seconds .

========================================================================
Received Import Request.
  Time since last request: 2.017486 seconds.
  path: Assets/Sprites/Diamond.png
  artifactKey: Guid(b42407c419b2ddd40910c7d5b2925776) Importer(815301076,1909f56bfc062723c751e8b465ee728b)
Start importing Assets/Sprites/Diamond.png using Guid(b42407c419b2ddd40910c7d5b2925776) Importer(815301076,1909f56bfc062723c751e8b465ee728b)  -> (artifact id: 'c9df6a41b3f623b805e6e579f6e44cbd') in 0.050299 seconds 
  Import took 0.053537 seconds .

========================================================================
Received Import Request.
  Time since last request: 0.000271 seconds.
  path: Assets/Sprites/Exit.png
  artifactKey: Guid(35c98ccb9e0fbd141be95f999deebf23) Importer(815301076,1909f56bfc062723c751e8b465ee728b)
Start importing Assets/Sprites/Exit.png using Guid(35c98ccb9e0fbd141be95f999deebf23) Importer(815301076,1909f56bfc062723c751e8b465ee728b)  -> (artifact id: 'a6c14221d6f27a76822f640ec40c2135') in 0.014301 seconds 
  Import took 0.017958 seconds .

========================================================================
Received Import Request.
  Time since last request: 0.000357 seconds.
  path: Assets/Sprites/Projectile.png
  artifactKey: Guid(4d3b2f5b5955a8341914f36b677d1d3f) Importer(815301076,1909f56bfc062723c751e8b465ee728b)
Start importing Assets/Sprites/Projectile.png using Guid(4d3b2f5b5955a8341914f36b677d1d3f) Importer(815301076,1909f56bfc062723c751e8b465ee728b)  -> (artifact id: '2d4404b724a9dfcfd77d099f795f38ba') in 0.012979 seconds 
  Import took 0.019255 seconds .

========================================================================
Received Import Request.
  Time since last request: 7.931720 seconds.
  path: Assets/Scenes
  artifactKey: Guid(618c9a78b5148264dbc93f67a2c5023a) Importer(815301076,1909f56bfc062723c751e8b465ee728b)
Start importing Assets/Scenes using Guid(618c9a78b5148264dbc93f67a2c5023a) Importer(815301076,1909f56bfc062723c751e8b465ee728b)  -> (artifact id: '806a6f32c5857cd065a65446520a146a') in 0.005519 seconds 
  Import took 0.010996 seconds .

========================================================================
Received Import Request.
  Time since last request: 2.329591 seconds.
  path: Assets/Environment
  artifactKey: Guid(6f5ea5f3c5c6a6143b8421e1402b2904) Importer(815301076,1909f56bfc062723c751e8b465ee728b)
Start importing Assets/Environment using Guid(6f5ea5f3c5c6a6143b8421e1402b2904) Importer(815301076,1909f56bfc062723c751e8b465ee728b)  -> (artifact id: 'b7a7f8bda486ed8ff2e1138d6a934cd1') in 0.003251 seconds 
  Import took 0.007795 seconds .

========================================================================
Received Import Request.
  Time since last request: 0.084981 seconds.
  path: Assets/Environment/Background.asset
  artifactKey: Guid(683a9b1c87426b24b960dcc2e35b6fc4) Importer(815301076,1909f56bfc062723c751e8b465ee728b)
Start importing Assets/Environment/Background.asset using Guid(683a9b1c87426b24b960dcc2e35b6fc4) Importer(815301076,1909f56bfc062723c751e8b465ee728b)  -> (artifact id: '36c492912b4c8a55c99dd790be886e36') in 0.028742 seconds 
  Import took 0.032141 seconds .

========================================================================
Received Import Request.
  Time since last request: 0.000271 seconds.
  path: Assets/Environment/Wall.asset
  artifactKey: Guid(1ef3b21d505d88d42a373a877c948636) Importer(815301076,1909f56bfc062723c751e8b465ee728b)
Start importing Assets/Environment/Wall.asset using Guid(1ef3b21d505d88d42a373a877c948636) Importer(815301076,1909f56bfc062723c751e8b465ee728b)  -> (artifact id: '1106372a916e86c4a45b68084d1dc615') in 0.012881 seconds 
  Import took 0.017784 seconds .

========================================================================
Received Import Request.
  Time since last request: 0.000217 seconds.
  path: Assets/Environment/Square.png
  artifactKey: Guid(5aef546e6c1a72b40acf2b3136a94074) Importer(815301076,1909f56bfc062723c751e8b465ee728b)
Start importing Assets/Environment/Square.png using Guid(5aef546e6c1a72b40acf2b3136a94074) Importer(815301076,1909f56bfc062723c751e8b465ee728b)  -> (artifact id: '53753e09cb4c8718be4842d6dad26166') in 0.016413 seconds 
  Import took 0.020782 seconds .

========================================================================
Received Import Request.
  Time since last request: 0.000251 seconds.
  path: Assets/Environment/Dungeon.prefab
  artifactKey: Guid(67406bc037caca74a83b9d4577740ea4) Importer(815301076,1909f56bfc062723c751e8b465ee728b)
Start importing Assets/Environment/Dungeon.prefab using Guid(67406bc037caca74a83b9d4577740ea4) Importer(815301076,1909f56bfc062723c751e8b465ee728b)  -> (artifact id: '990821c9d67d68937d9937d24ac03d26') in 0.014973 seconds 
  Import took 0.018472 seconds .

========================================================================
Received Import Request.
  Time since last request: 62.699787 seconds.
  path: Assets/Environment/Dungeon.prefab
  artifactKey: Guid(67406bc037caca74a83b9d4577740ea4) Importer(815301076,1909f56bfc062723c751e8b465ee728b)
Start importing Assets/Environment/Dungeon.prefab using Guid(67406bc037caca74a83b9d4577740ea4) Importer(815301076,1909f56bfc062723c751e8b465ee728b)  -> (artifact id: '2299c72439f4984deb7d375279073b63') in 0.016808 seconds 
  Import took 0.021665 seconds .

========================================================================
Received Import Request.
  Time since last request: 259.869509 seconds.
  path: Assets/Environment/Dungeon.prefab
  artifactKey: Guid(67406bc037caca74a83b9d4577740ea4) Importer(815301076,1909f56bfc062723c751e8b465ee728b)
Start importing Assets/Environment/Dungeon.prefab using Guid(67406bc037caca74a83b9d4577740ea4) Importer(815301076,1909f56bfc062723c751e8b465ee728b)  -> (artifact id: '505375849a22b4731b076784bf362e7b') in 0.014518 seconds 
  Import took 0.019069 seconds .

========================================================================
Received Import Request.
  Time since last request: 228.307966 seconds.
  path: Assets/Animations
  artifactKey: Guid(62a35076416af594caf550e63054855c) Importer(815301076,1909f56bfc062723c751e8b465ee728b)
Start importing Assets/Animations using Guid(62a35076416af594caf550e63054855c) Importer(815301076,1909f56bfc062723c751e8b465ee728b)  -> (artifact id: '4fc6b88326783f7af5964e7349420378') in 0.004254 seconds 
  Import took 0.009106 seconds .

========================================================================
Received Import Request.
  Time since last request: 0.392438 seconds.
  path: Assets/_TerrainAutoUpgrade
  artifactKey: Guid(fee0bf8119738cc44858b3b5e54bb4c5) Importer(815301076,1909f56bfc062723c751e8b465ee728b)
Start importing Assets/_TerrainAutoUpgrade using Guid(fee0bf8119738cc44858b3b5e54bb4c5) Importer(815301076,1909f56bfc062723c751e8b465ee728b)  -> (artifact id: '7d757356c2017d9bb235062452903350') in 0.003448 seconds 
  Import took 0.007496 seconds .

========================================================================
Received Import Request.
  Time since last request: 0.580844 seconds.
  path: Assets/2d characters family
  artifactKey: Guid(69af29f058e68884181513c7f277cff5) Importer(815301076,1909f56bfc062723c751e8b465ee728b)
Start importing Assets/2d characters family using Guid(69af29f058e68884181513c7f277cff5) Importer(815301076,1909f56bfc062723c751e8b465ee728b)  -> (artifact id: '7ac061e455a7d94b1a5d20d3a17948d1') in 0.003413 seconds 
  Import took 0.006599 seconds .

========================================================================
Received Import Request.
  Time since last request: 1.297060 seconds.
  path: Assets/_TerrainAutoUpgrade/layer_checkerGround3d3aba195e4d26ee.terrainlayer
  artifactKey: Guid(a297aad7b58173849807edb2172f69df) Importer(815301076,1909f56bfc062723c751e8b465ee728b)
Start importing Assets/_TerrainAutoUpgrade/layer_checkerGround3d3aba195e4d26ee.terrainlayer using Guid(a297aad7b58173849807edb2172f69df) Importer(815301076,1909f56bfc062723c751e8b465ee728b)  -> (artifact id: '16082de791e9dc0442995338bbd0ed88') in 0.068922 seconds 
  Import took 0.073457 seconds .

========================================================================
Received Import Request.
  Time since last request: 4.137363 seconds.
  path: Assets/AstarPathfindingProject
  artifactKey: Guid(6942e1e80e8b54fde9147e843f1bec4f) Importer(815301076,1909f56bfc062723c751e8b465ee728b)
Start importing Assets/AstarPathfindingProject using Guid(6942e1e80e8b54fde9147e843f1bec4f) Importer(815301076,1909f56bfc062723c751e8b465ee728b)  -> (artifact id: 'ee86edc616d8423fc85064270b1c60b8') in 0.003694 seconds 
  Import took 0.007360 seconds .

========================================================================
Received Import Request.
  Time since last request: 0.089840 seconds.
  path: Assets/AstarPathfindingProject/AstarPathfindingProject.asmdef
  artifactKey: Guid(efa45043feb7e4147a305b73b5cea642) Importer(815301076,1909f56bfc062723c751e8b465ee728b)
Start importing Assets/AstarPathfindingProject/AstarPathfindingProject.asmdef using Guid(efa45043feb7e4147a305b73b5cea642) Importer(815301076,1909f56bfc062723c751e8b465ee728b)  -> (artifact id: 'a30849f3614aa581408f07493d530746') in 0.005266 seconds 
  Import took 0.008464 seconds .

========================================================================
Received Import Request.
  Time since last request: 7.722759 seconds.
  path: Assets/Scripts
  artifactKey: Guid(385f2f6c06c227e4283a5443822de582) Importer(815301076,1909f56bfc062723c751e8b465ee728b)
Start importing Assets/Scripts using Guid(385f2f6c06c227e4283a5443822de582) Importer(815301076,1909f56bfc062723c751e8b465ee728b)  -> (artifact id: 'f208413c8bb0f40aaa30cbf52982f677') in 0.003468 seconds 
  Import took 0.007429 seconds .

========================================================================
Received Prepare
Registering precompiled user dll's ...
Registered in 0.008209 seconds.
Begin MonoManager ReloadAssembly
Native extension for WindowsStandalone target not found
Native extension for OSXStandalone target not found
Native extension for WebGL target not found
Refreshing native plugins compatible for Editor in 0.44 ms, found 3 plugins.
Preloading 0 native plugins for Editor in 0.00 ms.
Mono: successfully reloaded assembly
- Completed reload, in  1.287 seconds
Domain Reload Profiling:
	ReloadAssembly (1288ms)
		BeginReloadAssembly (130ms)
			ExecutionOrderSort (0ms)
			DisableScriptedObjects (5ms)
			BackupInstance (0ms)
			ReleaseScriptingObjects (0ms)
			CreateAndSetChildDomain (38ms)
		EndReloadAssembly (1072ms)
			LoadAssemblies (148ms)
			RebuildTransferFunctionScriptingTraits (0ms)
			SetupTypeCache (374ms)
			ReleaseScriptCaches (1ms)
			RebuildScriptCaches (52ms)
			SetupLoadedEditorAssemblies (395ms)
				LogAssemblyErrors (0ms)
				InitializePlatformSupportModulesInManaged (6ms)
				SetLoadedEditorAssemblies (0ms)
				RefreshPlugins (0ms)
				BeforeProcessingInitializeOnLoad (106ms)
				ProcessInitializeOnLoadAttributes (267ms)
				ProcessInitializeOnLoadMethodAttributes (4ms)
				AfterProcessingInitializeOnLoad (10ms)
				EditorAssembliesLoaded (0ms)
			ExecutionOrderSort2 (0ms)
			AwakeInstancesAfterBackupRestoration (10ms)
Platform modules already initialized, skipping
Refreshing native plugins compatible for Editor in 0.45 ms, found 3 plugins.
Preloading 0 native plugins for Editor in 0.00 ms.
Unloading 2217 Unused Serialized files (Serialized files now loaded: 0)
System memory in use before: 103.3 MB.
System memory in use after: 103.4 MB.

Unloading 18 unused Assets to reduce memory usage. Loaded Objects now: 2695.
Total: 2.529300 ms (FindLiveObjects: 0.237700 ms CreateObjectMapping: 0.094300 ms MarkObjects: 2.175400 ms  DeleteObjects: 0.020400 ms)

AssetImportParameters requested are different than current active one (requested -> active):
  custom:framework-win-MediaFoundation: 216162199b28c13a410421893ffa2e32 -> 
  custom:video-decoder-ogg-theora: a1e56fd34408186e4bbccfd4996cb3dc -> 
  custom:container-muxer-webm: aa71ff27fc2769a1b78a27578f13a17b -> 
  custom:container-demuxer-webm: 4f35f7cbe854078d1ac9338744f61a02 -> 
  custom:container-demuxer-ogg: 62fdf1f143b41e24485cea50d1cbac27 -> 
  custom:video-encoder-webm-vp8: eb34c28f22e8b96e1ab97ce403110664 -> 
  custom:video-decoder-webm-vp8: 9c59270c3fd7afecdb556c50c9e8de78 -> 
  custom:audio-decoder-ogg-vorbis: bf7c407c2cedff20999df2af8eb42d56 -> 
  custom:audio-encoder-webm-vorbis: bf7c407c2cedff20999df2af8eb42d56 -> 
========================================================================
Received Import Request.
  Time since last request: 42.252448 seconds.
  path: Assets/Environment/Background.asset
  artifactKey: Guid(683a9b1c87426b24b960dcc2e35b6fc4) Importer(815301076,1909f56bfc062723c751e8b465ee728b)
Start importing Assets/Environment/Background.asset using Guid(683a9b1c87426b24b960dcc2e35b6fc4) Importer(815301076,1909f56bfc062723c751e8b465ee728b)  -> (artifact id: 'dee1e040c19a8ad0ed18041de64b7e13') in 0.034863 seconds 
  Import took 0.039203 seconds .

========================================================================
Received Import Request.
  Time since last request: 0.000287 seconds.
  path: Assets/Environment/Shadow.png
  artifactKey: Guid(609b7ece27a87f748b896ac22c1c15c1) Importer(815301076,1909f56bfc062723c751e8b465ee728b)
Start importing Assets/Environment/Shadow.png using Guid(609b7ece27a87f748b896ac22c1c15c1) Importer(815301076,1909f56bfc062723c751e8b465ee728b)  -> (artifact id: 'e686fc55079422c571dad3f628c9f365') in 0.031707 seconds 
  Import took 0.034985 seconds .

========================================================================
Received Import Request.
  Time since last request: 0.000252 seconds.
  path: Assets/Environment/Background.asset
  artifactKey: Guid(683a9b1c87426b24b960dcc2e35b6fc4) Importer(815301076,1909f56bfc062723c751e8b465ee728b)
Start importing Assets/Environment/Background.asset using Guid(683a9b1c87426b24b960dcc2e35b6fc4) Importer(815301076,1909f56bfc062723c751e8b465ee728b)  -> (artifact id: 'dee1e040c19a8ad0ed18041de64b7e13') in 0.006906 seconds 
  Import took 0.010690 seconds .

========================================================================
Received Import Request.
  Time since last request: 31.776928 seconds.
  path: Assets/Environment/Dungeon.prefab
  artifactKey: Guid(67406bc037caca74a83b9d4577740ea4) Importer(815301076,1909f56bfc062723c751e8b465ee728b)
Start importing Assets/Environment/Dungeon.prefab using Guid(67406bc037caca74a83b9d4577740ea4) Importer(815301076,1909f56bfc062723c751e8b465ee728b)  -> (artifact id: '7b7c51a46cd12233b8fbf312d1bf4d20') in 0.039956 seconds 
  Import took 0.043519 seconds .

========================================================================
Received Import Request.
  Time since last request: 0.000220 seconds.
  path: Assets/Environment/Shadow.asset
  artifactKey: Guid(cc4e415dee96752419a924a51aee9c02) Importer(815301076,1909f56bfc062723c751e8b465ee728b)
Start importing Assets/Environment/Shadow.asset using Guid(cc4e415dee96752419a924a51aee9c02) Importer(815301076,1909f56bfc062723c751e8b465ee728b)  -> (artifact id: 'db4d481659a7d4592e7c9b19f8416624') in 0.014444 seconds 
  Import took 0.018337 seconds .

========================================================================
Received Prepare
Registering precompiled user dll's ...
Registered in 0.008726 seconds.
Begin MonoManager ReloadAssembly
Native extension for WindowsStandalone target not found
Native extension for OSXStandalone target not found
Native extension for WebGL target not found
Refreshing native plugins compatible for Editor in 0.44 ms, found 3 plugins.
Preloading 0 native plugins for Editor in 0.00 ms.
Mono: successfully reloaded assembly
- Completed reload, in  1.403 seconds
Domain Reload Profiling:
	ReloadAssembly (1403ms)
		BeginReloadAssembly (150ms)
			ExecutionOrderSort (0ms)
			DisableScriptedObjects (7ms)
			BackupInstance (0ms)
			ReleaseScriptingObjects (0ms)
			CreateAndSetChildDomain (49ms)
		EndReloadAssembly (1133ms)
			LoadAssemblies (133ms)
			RebuildTransferFunctionScriptingTraits (0ms)
			SetupTypeCache (363ms)
			ReleaseScriptCaches (1ms)
			RebuildScriptCaches (61ms)
			SetupLoadedEditorAssemblies (463ms)
				LogAssemblyErrors (0ms)
				InitializePlatformSupportModulesInManaged (7ms)
				SetLoadedEditorAssemblies (0ms)
				RefreshPlugins (1ms)
				BeforeProcessingInitializeOnLoad (115ms)
				ProcessInitializeOnLoadAttributes (326ms)
				ProcessInitializeOnLoadMethodAttributes (6ms)
				AfterProcessingInitializeOnLoad (8ms)
				EditorAssembliesLoaded (0ms)
			ExecutionOrderSort2 (0ms)
			AwakeInstancesAfterBackupRestoration (11ms)
Platform modules already initialized, skipping
Refreshing native plugins compatible for Editor in 0.58 ms, found 3 plugins.
Preloading 0 native plugins for Editor in 0.00 ms.
Unloading 2217 Unused Serialized files (Serialized files now loaded: 0)
System memory in use before: 103.3 MB.
System memory in use after: 103.4 MB.

Unloading 18 unused Assets to reduce memory usage. Loaded Objects now: 2700.
Total: 2.276500 ms (FindLiveObjects: 0.194500 ms CreateObjectMapping: 0.081300 ms MarkObjects: 1.981800 ms  DeleteObjects: 0.017600 ms)

AssetImportParameters requested are different than current active one (requested -> active):
  custom:framework-win-MediaFoundation: 216162199b28c13a410421893ffa2e32 -> 
  custom:video-decoder-ogg-theora: a1e56fd34408186e4bbccfd4996cb3dc -> 
  custom:container-muxer-webm: aa71ff27fc2769a1b78a27578f13a17b -> 
  custom:container-demuxer-webm: 4f35f7cbe854078d1ac9338744f61a02 -> 
  custom:container-demuxer-ogg: 62fdf1f143b41e24485cea50d1cbac27 -> 
  custom:video-encoder-webm-vp8: eb34c28f22e8b96e1ab97ce403110664 -> 
  custom:video-decoder-webm-vp8: 9c59270c3fd7afecdb556c50c9e8de78 -> 
  custom:audio-decoder-ogg-vorbis: bf7c407c2cedff20999df2af8eb42d56 -> 
  custom:audio-encoder-webm-vorbis: bf7c407c2cedff20999df2af8eb42d56 -> 
========================================================================
Received Prepare
Registering precompiled user dll's ...
Registered in 0.007046 seconds.
Begin MonoManager ReloadAssembly
Native extension for WindowsStandalone target not found
Native extension for OSXStandalone target not found
Native extension for WebGL target not found
Refreshing native plugins compatible for Editor in 0.66 ms, found 3 plugins.
Preloading 0 native plugins for Editor in 0.00 ms.
Mono: successfully reloaded assembly
- Completed reload, in  1.434 seconds
Domain Reload Profiling:
	ReloadAssembly (1434ms)
		BeginReloadAssembly (142ms)
			ExecutionOrderSort (0ms)
			DisableScriptedObjects (6ms)
			BackupInstance (0ms)
			ReleaseScriptingObjects (0ms)
			CreateAndSetChildDomain (42ms)
		EndReloadAssembly (1199ms)
			LoadAssemblies (141ms)
			RebuildTransferFunctionScriptingTraits (0ms)
			SetupTypeCache (452ms)
			ReleaseScriptCaches (2ms)
			RebuildScriptCaches (61ms)
			SetupLoadedEditorAssemblies (442ms)
				LogAssemblyErrors (0ms)
				InitializePlatformSupportModulesInManaged (9ms)
				SetLoadedEditorAssemblies (1ms)
				RefreshPlugins (1ms)
				BeforeProcessingInitializeOnLoad (120ms)
				ProcessInitializeOnLoadAttributes (299ms)
				ProcessInitializeOnLoadMethodAttributes (5ms)
				AfterProcessingInitializeOnLoad (9ms)
				EditorAssembliesLoaded (0ms)
			ExecutionOrderSort2 (0ms)
			AwakeInstancesAfterBackupRestoration (9ms)
Platform modules already initialized, skipping
Refreshing native plugins compatible for Editor in 0.45 ms, found 3 plugins.
Preloading 0 native plugins for Editor in 0.00 ms.
Unloading 2217 Unused Serialized files (Serialized files now loaded: 0)
System memory in use before: 103.3 MB.
System memory in use after: 103.5 MB.

Unloading 18 unused Assets to reduce memory usage. Loaded Objects now: 2703.
Total: 2.761100 ms (FindLiveObjects: 0.217800 ms CreateObjectMapping: 0.065900 ms MarkObjects: 2.455300 ms  DeleteObjects: 0.020800 ms)

AssetImportParameters requested are different than current active one (requested -> active):
  custom:framework-win-MediaFoundation: 216162199b28c13a410421893ffa2e32 -> 
  custom:video-decoder-ogg-theora: a1e56fd34408186e4bbccfd4996cb3dc -> 
  custom:container-muxer-webm: aa71ff27fc2769a1b78a27578f13a17b -> 
  custom:container-demuxer-webm: 4f35f7cbe854078d1ac9338744f61a02 -> 
  custom:container-demuxer-ogg: 62fdf1f143b41e24485cea50d1cbac27 -> 
  custom:video-encoder-webm-vp8: eb34c28f22e8b96e1ab97ce403110664 -> 
  custom:video-decoder-webm-vp8: 9c59270c3fd7afecdb556c50c9e8de78 -> 
  custom:audio-decoder-ogg-vorbis: bf7c407c2cedff20999df2af8eb42d56 -> 
  custom:audio-encoder-webm-vorbis: bf7c407c2cedff20999df2af8eb42d56 -> 
========================================================================
Received Import Request.
  Time since last request: 364.706159 seconds.
  path: Assets/Environment/Dungeon.prefab
  artifactKey: Guid(67406bc037caca74a83b9d4577740ea4) Importer(815301076,1909f56bfc062723c751e8b465ee728b)
Start importing Assets/Environment/Dungeon.prefab using Guid(67406bc037caca74a83b9d4577740ea4) Importer(815301076,1909f56bfc062723c751e8b465ee728b)  -> (artifact id: 'b25035b2a72181a01217f25544558de7') in 0.073177 seconds 
  Import took 0.078902 seconds .

========================================================================
Received Import Request.
  Time since last request: 976.929209 seconds.
  path: Assets/Environment/Background.asset
  artifactKey: Guid(683a9b1c87426b24b960dcc2e35b6fc4) Importer(815301076,1909f56bfc062723c751e8b465ee728b)
Start importing Assets/Environment/Background.asset using Guid(683a9b1c87426b24b960dcc2e35b6fc4) Importer(815301076,1909f56bfc062723c751e8b465ee728b)  -> (artifact id: 'c9fde63b24b9cc7ddbd6aededc290a55') in 0.015734 seconds 
  Import took 0.020245 seconds .

========================================================================
Received Import Request.
  Time since last request: 0.000320 seconds.
  path: Assets/Environment/Wall.asset
  artifactKey: Guid(1ef3b21d505d88d42a373a877c948636) Importer(815301076,1909f56bfc062723c751e8b465ee728b)
Start importing Assets/Environment/Wall.asset using Guid(1ef3b21d505d88d42a373a877c948636) Importer(815301076,1909f56bfc062723c751e8b465ee728b)  -> (artifact id: '3219ae3dc7b853a62eb32dbbb4ad09dc') in 0.008388 seconds 
  Import took 0.011466 seconds .

========================================================================
Received Import Request.
  Time since last request: 0.000236 seconds.
  path: Assets/Environment/Shadow.asset
  artifactKey: Guid(cc4e415dee96752419a924a51aee9c02) Importer(815301076,1909f56bfc062723c751e8b465ee728b)
Start importing Assets/Environment/Shadow.asset using Guid(cc4e415dee96752419a924a51aee9c02) Importer(815301076,1909f56bfc062723c751e8b465ee728b)  -> (artifact id: 'bf13145ff973d656f102c0d49343a070') in 0.014760 seconds 
  Import took 0.017721 seconds .

========================================================================
Received Import Request.
  Time since last request: 384.834418 seconds.
  path: Assets/Scripts/HUDController.cs
  artifactKey: Guid(18dd425dc757a264bb595009d7b840ff) Importer(815301076,1909f56bfc062723c751e8b465ee728b)
Start importing Assets/Scripts/HUDController.cs using Guid(18dd425dc757a264bb595009d7b840ff) Importer(815301076,1909f56bfc062723c751e8b465ee728b)  -> (artifact id: '3ac221c3699888be3dee67811f690232') in 0.030511 seconds 
  Import took 0.034591 seconds .

========================================================================
Received Prepare
Registering precompiled user dll's ...
Registered in 0.007379 seconds.
Begin MonoManager ReloadAssembly
Native extension for WindowsStandalone target not found
Native extension for OSXStandalone target not found
Native extension for WebGL target not found
Refreshing native plugins compatible for Editor in 0.51 ms, found 3 plugins.
Preloading 0 native plugins for Editor in 0.00 ms.
Mono: successfully reloaded assembly
- Completed reload, in  1.337 seconds
Domain Reload Profiling:
	ReloadAssembly (1338ms)
		BeginReloadAssembly (131ms)
			ExecutionOrderSort (0ms)
			DisableScriptedObjects (5ms)
			BackupInstance (0ms)
			ReleaseScriptingObjects (0ms)
			CreateAndSetChildDomain (38ms)
		EndReloadAssembly (1118ms)
			LoadAssemblies (156ms)
			RebuildTransferFunctionScriptingTraits (0ms)
			SetupTypeCache (365ms)
			ReleaseScriptCaches (2ms)
			RebuildScriptCaches (56ms)
			SetupLoadedEditorAssemblies (425ms)
				LogAssemblyErrors (0ms)
				InitializePlatformSupportModulesInManaged (7ms)
				SetLoadedEditorAssemblies (1ms)
				RefreshPlugins (1ms)
				BeforeProcessingInitializeOnLoad (110ms)
				ProcessInitializeOnLoadAttributes (292ms)
				ProcessInitializeOnLoadMethodAttributes (6ms)
				AfterProcessingInitializeOnLoad (8ms)
				EditorAssembliesLoaded (0ms)
			ExecutionOrderSort2 (0ms)
			AwakeInstancesAfterBackupRestoration (10ms)
Platform modules already initialized, skipping
Refreshing native plugins compatible for Editor in 0.56 ms, found 3 plugins.
Preloading 0 native plugins for Editor in 0.00 ms.
Unloading 2230 Unused Serialized files (Serialized files now loaded: 0)
System memory in use before: 105.6 MB.
System memory in use after: 105.2 MB.

Unloading 31 unused Assets to reduce memory usage. Loaded Objects now: 2708.
Total: 3.580700 ms (FindLiveObjects: 0.225400 ms CreateObjectMapping: 0.103000 ms MarkObjects: 2.944200 ms  DeleteObjects: 0.306500 ms)

AssetImportParameters requested are different than current active one (requested -> active):
  custom:framework-win-MediaFoundation: 216162199b28c13a410421893ffa2e32 -> 
  custom:video-decoder-ogg-theora: a1e56fd34408186e4bbccfd4996cb3dc -> 
  custom:container-muxer-webm: aa71ff27fc2769a1b78a27578f13a17b -> 
  custom:container-demuxer-webm: 4f35f7cbe854078d1ac9338744f61a02 -> 
  custom:container-demuxer-ogg: 62fdf1f143b41e24485cea50d1cbac27 -> 
  custom:video-encoder-webm-vp8: eb34c28f22e8b96e1ab97ce403110664 -> 
  custom:video-decoder-webm-vp8: 9c59270c3fd7afecdb556c50c9e8de78 -> 
  custom:audio-decoder-ogg-vorbis: bf7c407c2cedff20999df2af8eb42d56 -> 
  custom:audio-encoder-webm-vorbis: bf7c407c2cedff20999df2af8eb42d56 -> 
========================================================================
Received Prepare
Registering precompiled user dll's ...
Registered in 0.007544 seconds.
Begin MonoManager ReloadAssembly
Native extension for WindowsStandalone target not found
Native extension for OSXStandalone target not found
Native extension for WebGL target not found
Refreshing native plugins compatible for Editor in 0.53 ms, found 3 plugins.
Preloading 0 native plugins for Editor in 0.00 ms.
Mono: successfully reloaded assembly
- Completed reload, in  1.259 seconds
Domain Reload Profiling:
	ReloadAssembly (1260ms)
		BeginReloadAssembly (123ms)
			ExecutionOrderSort (0ms)
			DisableScriptedObjects (6ms)
			BackupInstance (0ms)
			ReleaseScriptingObjects (0ms)
			CreateAndSetChildDomain (35ms)
		EndReloadAssembly (1048ms)
			LoadAssemblies (142ms)
			RebuildTransferFunctionScriptingTraits (0ms)
			SetupTypeCache (347ms)
			ReleaseScriptCaches (1ms)
			RebuildScriptCaches (48ms)
			SetupLoadedEditorAssemblies (410ms)
				LogAssemblyErrors (0ms)
				InitializePlatformSupportModulesInManaged (7ms)
				SetLoadedEditorAssemblies (0ms)
				RefreshPlugins (1ms)
				BeforeProcessingInitializeOnLoad (102ms)
				ProcessInitializeOnLoadAttributes (287ms)
				ProcessInitializeOnLoadMethodAttributes (6ms)
				AfterProcessingInitializeOnLoad (8ms)
				EditorAssembliesLoaded (0ms)
			ExecutionOrderSort2 (0ms)
			AwakeInstancesAfterBackupRestoration (9ms)
Platform modules already initialized, skipping
Refreshing native plugins compatible for Editor in 0.52 ms, found 3 plugins.
Preloading 0 native plugins for Editor in 0.00 ms.
Unloading 2230 Unused Serialized files (Serialized files now loaded: 0)
System memory in use before: 105.5 MB.
System memory in use after: 105.1 MB.

Unloading 31 unused Assets to reduce memory usage. Loaded Objects now: 2711.
Total: 2.971500 ms (FindLiveObjects: 0.255300 ms CreateObjectMapping: 0.092500 ms MarkObjects: 2.313300 ms  DeleteObjects: 0.309200 ms)

AssetImportParameters requested are different than current active one (requested -> active):
  custom:framework-win-MediaFoundation: 216162199b28c13a410421893ffa2e32 -> 
  custom:video-decoder-ogg-theora: a1e56fd34408186e4bbccfd4996cb3dc -> 
  custom:container-muxer-webm: aa71ff27fc2769a1b78a27578f13a17b -> 
  custom:container-demuxer-webm: 4f35f7cbe854078d1ac9338744f61a02 -> 
  custom:container-demuxer-ogg: 62fdf1f143b41e24485cea50d1cbac27 -> 
  custom:video-encoder-webm-vp8: eb34c28f22e8b96e1ab97ce403110664 -> 
  custom:video-decoder-webm-vp8: 9c59270c3fd7afecdb556c50c9e8de78 -> 
  custom:audio-decoder-ogg-vorbis: bf7c407c2cedff20999df2af8eb42d56 -> 
  custom:audio-encoder-webm-vorbis: bf7c407c2cedff20999df2af8eb42d56 -> 
========================================================================
Received Import Request.
  Time since last request: 231.596407 seconds.
  path: Assets/Prefabs/Red Knight.prefab
  artifactKey: Guid(1455bedd648609946a6dc288bf5cfe55) Importer(815301076,1909f56bfc062723c751e8b465ee728b)
Start importing Assets/Prefabs/Red Knight.prefab using Guid(1455bedd648609946a6dc288bf5cfe55) Importer(815301076,1909f56bfc062723c751e8b465ee728b)  -> (artifact id: '7a73d415246d946db41fccfd65289cb5') in 0.066613 seconds 
  Import took 0.070920 seconds .

========================================================================
Received Import Request.
  Time since last request: 11.179856 seconds.
  path: Assets/Prefabs/Red Knight.prefab
  artifactKey: Guid(1455bedd648609946a6dc288bf5cfe55) Importer(815301076,1909f56bfc062723c751e8b465ee728b)
Start importing Assets/Prefabs/Red Knight.prefab using Guid(1455bedd648609946a6dc288bf5cfe55) Importer(815301076,1909f56bfc062723c751e8b465ee728b)  -> (artifact id: 'b147aae8e19eaa8bd9c81672f6eecaf2') in 0.013975 seconds 
  Import took 0.017640 seconds .

========================================================================
Received Import Request.
  Time since last request: 0.018205 seconds.
  path: Assets/Prefabs/Red Knight.prefab
  artifactKey: Guid(1455bedd648609946a6dc288bf5cfe55) Importer(815301076,1909f56bfc062723c751e8b465ee728b)
Start importing Assets/Prefabs/Red Knight.prefab using Guid(1455bedd648609946a6dc288bf5cfe55) Importer(815301076,1909f56bfc062723c751e8b465ee728b)  -> (artifact id: 'b147aae8e19eaa8bd9c81672f6eecaf2') in 0.013041 seconds 
  Import took 0.017005 seconds .

========================================================================
Received Prepare
Registering precompiled user dll's ...
Registered in 0.007601 seconds.
Begin MonoManager ReloadAssembly
Native extension for WindowsStandalone target not found
Native extension for OSXStandalone target not found
Native extension for WebGL target not found
Refreshing native plugins compatible for Editor in 0.46 ms, found 3 plugins.
Preloading 0 native plugins for Editor in 0.00 ms.
Mono: successfully reloaded assembly
- Completed reload, in  1.379 seconds
Domain Reload Profiling:
	ReloadAssembly (1380ms)
		BeginReloadAssembly (146ms)
			ExecutionOrderSort (0ms)
			DisableScriptedObjects (6ms)
			BackupInstance (0ms)
			ReleaseScriptingObjects (0ms)
			CreateAndSetChildDomain (41ms)
		EndReloadAssembly (1150ms)
			LoadAssemblies (151ms)
			RebuildTransferFunctionScriptingTraits (0ms)
			SetupTypeCache (393ms)
			ReleaseScriptCaches (1ms)
			RebuildScriptCaches (51ms)
			SetupLoadedEditorAssemblies (466ms)
				LogAssemblyErrors (0ms)
				InitializePlatformSupportModulesInManaged (7ms)
				SetLoadedEditorAssemblies (0ms)
				RefreshPlugins (1ms)
				BeforeProcessingInitializeOnLoad (125ms)
				ProcessInitializeOnLoadAttributes (319ms)
				ProcessInitializeOnLoadMethodAttributes (5ms)
				AfterProcessingInitializeOnLoad (9ms)
				EditorAssembliesLoaded (0ms)
			ExecutionOrderSort2 (0ms)
			AwakeInstancesAfterBackupRestoration (11ms)
Platform modules already initialized, skipping
Refreshing native plugins compatible for Editor in 0.45 ms, found 3 plugins.
Preloading 0 native plugins for Editor in 0.00 ms.
Unloading 2230 Unused Serialized files (Serialized files now loaded: 0)
System memory in use before: 105.7 MB.
System memory in use after: 105.2 MB.

Unloading 31 unused Assets to reduce memory usage. Loaded Objects now: 2715.
Total: 2.812100 ms (FindLiveObjects: 0.230900 ms CreateObjectMapping: 0.091800 ms MarkObjects: 2.101200 ms  DeleteObjects: 0.386800 ms)

AssetImportParameters requested are different than current active one (requested -> active):
  custom:framework-win-MediaFoundation: 216162199b28c13a410421893ffa2e32 -> 
  custom:video-decoder-ogg-theora: a1e56fd34408186e4bbccfd4996cb3dc -> 
  custom:container-muxer-webm: aa71ff27fc2769a1b78a27578f13a17b -> 
  custom:container-demuxer-webm: 4f35f7cbe854078d1ac9338744f61a02 -> 
  custom:container-demuxer-ogg: 62fdf1f143b41e24485cea50d1cbac27 -> 
  custom:video-encoder-webm-vp8: eb34c28f22e8b96e1ab97ce403110664 -> 
  custom:video-decoder-webm-vp8: 9c59270c3fd7afecdb556c50c9e8de78 -> 
  custom:audio-decoder-ogg-vorbis: bf7c407c2cedff20999df2af8eb42d56 -> 
  custom:audio-encoder-webm-vorbis: bf7c407c2cedff20999df2af8eb42d56 -> 
========================================================================
Received Prepare
Registering precompiled user dll's ...
Registered in 0.008597 seconds.
Begin MonoManager ReloadAssembly
Native extension for WindowsStandalone target not found
Native extension for OSXStandalone target not found
Native extension for WebGL target not found
Refreshing native plugins compatible for Editor in 0.45 ms, found 3 plugins.
Preloading 0 native plugins for Editor in 0.00 ms.
Mono: successfully reloaded assembly
- Completed reload, in  1.195 seconds
Domain Reload Profiling:
	ReloadAssembly (1195ms)
		BeginReloadAssembly (129ms)
			ExecutionOrderSort (0ms)
			DisableScriptedObjects (6ms)
			BackupInstance (0ms)
			ReleaseScriptingObjects (0ms)
			CreateAndSetChildDomain (37ms)
		EndReloadAssembly (998ms)
			LoadAssemblies (119ms)
			RebuildTransferFunctionScriptingTraits (0ms)
			SetupTypeCache (304ms)
			ReleaseScriptCaches (1ms)
			RebuildScriptCaches (52ms)
			SetupLoadedEditorAssemblies (417ms)
				LogAssemblyErrors (0ms)
				InitializePlatformSupportModulesInManaged (7ms)
				SetLoadedEditorAssemblies (0ms)
				RefreshPlugins (1ms)
				BeforeProcessingInitializeOnLoad (101ms)
				ProcessInitializeOnLoadAttributes (296ms)
				ProcessInitializeOnLoadMethodAttributes (4ms)
				AfterProcessingInitializeOnLoad (8ms)
				EditorAssembliesLoaded (0ms)
			ExecutionOrderSort2 (0ms)
			AwakeInstancesAfterBackupRestoration (10ms)
Platform modules already initialized, skipping
Refreshing native plugins compatible for Editor in 0.44 ms, found 3 plugins.
Preloading 0 native plugins for Editor in 0.00 ms.
Unloading 2230 Unused Serialized files (Serialized files now loaded: 0)
System memory in use before: 105.8 MB.
System memory in use after: 105.3 MB.

Unloading 31 unused Assets to reduce memory usage. Loaded Objects now: 2718.
Total: 2.761600 ms (FindLiveObjects: 0.267200 ms CreateObjectMapping: 0.127000 ms MarkObjects: 2.032600 ms  DeleteObjects: 0.333900 ms)

AssetImportParameters requested are different than current active one (requested -> active):
  custom:framework-win-MediaFoundation: 216162199b28c13a410421893ffa2e32 -> 
  custom:video-decoder-ogg-theora: a1e56fd34408186e4bbccfd4996cb3dc -> 
  custom:container-muxer-webm: aa71ff27fc2769a1b78a27578f13a17b -> 
  custom:container-demuxer-webm: 4f35f7cbe854078d1ac9338744f61a02 -> 
  custom:container-demuxer-ogg: 62fdf1f143b41e24485cea50d1cbac27 -> 
  custom:video-encoder-webm-vp8: eb34c28f22e8b96e1ab97ce403110664 -> 
  custom:video-decoder-webm-vp8: 9c59270c3fd7afecdb556c50c9e8de78 -> 
  custom:audio-decoder-ogg-vorbis: bf7c407c2cedff20999df2af8eb42d56 -> 
  custom:audio-encoder-webm-vorbis: bf7c407c2cedff20999df2af8eb42d56 -> 
========================================================================
Received Import Request.
  Time since last request: 448.118555 seconds.
  path: Assets/Scenes/Level1.unity
  artifactKey: Guid(3831423dc12638743bcbee37cf86e51b) Importer(815301076,1909f56bfc062723c751e8b465ee728b)
Start importing Assets/Scenes/Level1.unity using Guid(3831423dc12638743bcbee37cf86e51b) Importer(815301076,1909f56bfc062723c751e8b465ee728b)  -> (artifact id: 'a3a89f4ccc32cbddddb141a77dc45066') in 0.018941 seconds 
  Import took 0.022609 seconds .

========================================================================
Received Prepare
Registering precompiled user dll's ...
Registered in 0.008246 seconds.
Begin MonoManager ReloadAssembly
Native extension for WindowsStandalone target not found
Native extension for OSXStandalone target not found
Native extension for WebGL target not found
Refreshing native plugins compatible for Editor in 0.47 ms, found 3 plugins.
Preloading 0 native plugins for Editor in 0.00 ms.
Mono: successfully reloaded assembly
- Completed reload, in  1.294 seconds
Domain Reload Profiling:
	ReloadAssembly (1294ms)
		BeginReloadAssembly (126ms)
			ExecutionOrderSort (0ms)
			DisableScriptedObjects (6ms)
			BackupInstance (0ms)
			ReleaseScriptingObjects (0ms)
			CreateAndSetChildDomain (35ms)
		EndReloadAssembly (1088ms)
			LoadAssemblies (161ms)
			RebuildTransferFunctionScriptingTraits (0ms)
			SetupTypeCache (350ms)
			ReleaseScriptCaches (1ms)
			RebuildScriptCaches (49ms)
			SetupLoadedEditorAssemblies (427ms)
				LogAssemblyErrors (0ms)
				InitializePlatformSupportModulesInManaged (7ms)
				SetLoadedEditorAssemblies (0ms)
				RefreshPlugins (1ms)
				BeforeProcessingInitializeOnLoad (109ms)
				ProcessInitializeOnLoadAttributes (296ms)
				ProcessInitializeOnLoadMethodAttributes (6ms)
				AfterProcessingInitializeOnLoad (8ms)
				EditorAssembliesLoaded (0ms)
			ExecutionOrderSort2 (0ms)
			AwakeInstancesAfterBackupRestoration (10ms)
Platform modules already initialized, skipping
Refreshing native plugins compatible for Editor in 0.84 ms, found 3 plugins.
Preloading 0 native plugins for Editor in 0.00 ms.
Unloading 2230 Unused Serialized files (Serialized files now loaded: 0)
System memory in use before: 105.8 MB.
System memory in use after: 105.3 MB.

Unloading 31 unused Assets to reduce memory usage. Loaded Objects now: 2721.
Total: 2.945700 ms (FindLiveObjects: 0.235000 ms CreateObjectMapping: 0.084500 ms MarkObjects: 2.321600 ms  DeleteObjects: 0.303700 ms)

AssetImportParameters requested are different than current active one (requested -> active):
  custom:framework-win-MediaFoundation: 216162199b28c13a410421893ffa2e32 -> 
  custom:video-decoder-ogg-theora: a1e56fd34408186e4bbccfd4996cb3dc -> 
  custom:container-muxer-webm: aa71ff27fc2769a1b78a27578f13a17b -> 
  custom:container-demuxer-webm: 4f35f7cbe854078d1ac9338744f61a02 -> 
  custom:container-demuxer-ogg: 62fdf1f143b41e24485cea50d1cbac27 -> 
  custom:video-encoder-webm-vp8: eb34c28f22e8b96e1ab97ce403110664 -> 
  custom:video-decoder-webm-vp8: 9c59270c3fd7afecdb556c50c9e8de78 -> 
  custom:audio-decoder-ogg-vorbis: bf7c407c2cedff20999df2af8eb42d56 -> 
  custom:audio-encoder-webm-vorbis: bf7c407c2cedff20999df2af8eb42d56 -> 
========================================================================
Received Prepare
Registering precompiled user dll's ...
Registered in 0.017894 seconds.
Begin MonoManager ReloadAssembly
Native extension for WindowsStandalone target not found
Native extension for OSXStandalone target not found
Native extension for WebGL target not found
Refreshing native plugins compatible for Editor in 0.55 ms, found 3 plugins.
Preloading 0 native plugins for Editor in 0.00 ms.
Mono: successfully reloaded assembly
- Completed reload, in  1.740 seconds
Domain Reload Profiling:
	ReloadAssembly (1741ms)
		BeginReloadAssembly (200ms)
			ExecutionOrderSort (0ms)
			DisableScriptedObjects (11ms)
			BackupInstance (0ms)
			ReleaseScriptingObjects (0ms)
			CreateAndSetChildDomain (55ms)
		EndReloadAssembly (1417ms)
			LoadAssemblies (163ms)
			RebuildTransferFunctionScriptingTraits (0ms)
			SetupTypeCache (444ms)
			ReleaseScriptCaches (2ms)
			RebuildScriptCaches (76ms)
			SetupLoadedEditorAssemblies (585ms)
				LogAssemblyErrors (0ms)
				InitializePlatformSupportModulesInManaged (12ms)
				SetLoadedEditorAssemblies (1ms)
				RefreshPlugins (1ms)
				BeforeProcessingInitializeOnLoad (151ms)
				ProcessInitializeOnLoadAttributes (401ms)
				ProcessInitializeOnLoadMethodAttributes (8ms)
				AfterProcessingInitializeOnLoad (11ms)
				EditorAssembliesLoaded (0ms)
			ExecutionOrderSort2 (0ms)
			AwakeInstancesAfterBackupRestoration (19ms)
Platform modules already initialized, skipping
Refreshing native plugins compatible for Editor in 0.49 ms, found 3 plugins.
Preloading 0 native plugins for Editor in 0.00 ms.
Unloading 2230 Unused Serialized files (Serialized files now loaded: 0)
System memory in use before: 105.8 MB.
System memory in use after: 105.3 MB.

Unloading 31 unused Assets to reduce memory usage. Loaded Objects now: 2724.
Total: 4.581000 ms (FindLiveObjects: 0.718900 ms CreateObjectMapping: 0.354900 ms MarkObjects: 3.180100 ms  DeleteObjects: 0.325300 ms)

AssetImportParameters requested are different than current active one (requested -> active):
  custom:framework-win-MediaFoundation: 216162199b28c13a410421893ffa2e32 -> 
  custom:video-decoder-ogg-theora: a1e56fd34408186e4bbccfd4996cb3dc -> 
  custom:container-muxer-webm: aa71ff27fc2769a1b78a27578f13a17b -> 
  custom:container-demuxer-webm: 4f35f7cbe854078d1ac9338744f61a02 -> 
  custom:container-demuxer-ogg: 62fdf1f143b41e24485cea50d1cbac27 -> 
  custom:video-encoder-webm-vp8: eb34c28f22e8b96e1ab97ce403110664 -> 
  custom:video-decoder-webm-vp8: 9c59270c3fd7afecdb556c50c9e8de78 -> 
  custom:audio-decoder-ogg-vorbis: bf7c407c2cedff20999df2af8eb42d56 -> 
  custom:audio-encoder-webm-vorbis: bf7c407c2cedff20999df2af8eb42d56 -> 
========================================================================
Received Prepare
Registering precompiled user dll's ...
Registered in 0.010478 seconds.
Begin MonoManager ReloadAssembly
Native extension for WindowsStandalone target not found
Native extension for OSXStandalone target not found
Native extension for WebGL target not found
Refreshing native plugins compatible for Editor in 0.49 ms, found 3 plugins.
Preloading 0 native plugins for Editor in 0.00 ms.
Mono: successfully reloaded assembly
- Completed reload, in  1.382 seconds
Domain Reload Profiling:
	ReloadAssembly (1382ms)
		BeginReloadAssembly (143ms)
			ExecutionOrderSort (0ms)
			DisableScriptedObjects (8ms)
			BackupInstance (0ms)
			ReleaseScriptingObjects (0ms)
			CreateAndSetChildDomain (39ms)
		EndReloadAssembly (1149ms)
			LoadAssemblies (159ms)
			RebuildTransferFunctionScriptingTraits (0ms)
			SetupTypeCache (363ms)
			ReleaseScriptCaches (1ms)
			RebuildScriptCaches (50ms)
			SetupLoadedEditorAssemblies (461ms)
				LogAssemblyErrors (0ms)
				InitializePlatformSupportModulesInManaged (7ms)
				SetLoadedEditorAssemblies (1ms)
				RefreshPlugins (1ms)
				BeforeProcessingInitializeOnLoad (119ms)
				ProcessInitializeOnLoadAttributes (319ms)
				ProcessInitializeOnLoadMethodAttributes (5ms)
				AfterProcessingInitializeOnLoad (8ms)
				EditorAssembliesLoaded (0ms)
			ExecutionOrderSort2 (0ms)
			AwakeInstancesAfterBackupRestoration (12ms)
Platform modules already initialized, skipping
Refreshing native plugins compatible for Editor in 0.47 ms, found 3 plugins.
Preloading 0 native plugins for Editor in 0.00 ms.
Unloading 2230 Unused Serialized files (Serialized files now loaded: 0)
System memory in use before: 105.8 MB.
System memory in use after: 105.3 MB.

Unloading 31 unused Assets to reduce memory usage. Loaded Objects now: 2727.
Total: 3.547800 ms (FindLiveObjects: 0.220200 ms CreateObjectMapping: 0.097100 ms MarkObjects: 2.897600 ms  DeleteObjects: 0.331500 ms)

AssetImportParameters requested are different than current active one (requested -> active):
  custom:framework-win-MediaFoundation: 216162199b28c13a410421893ffa2e32 -> 
  custom:video-decoder-ogg-theora: a1e56fd34408186e4bbccfd4996cb3dc -> 
  custom:container-muxer-webm: aa71ff27fc2769a1b78a27578f13a17b -> 
  custom:container-demuxer-webm: 4f35f7cbe854078d1ac9338744f61a02 -> 
  custom:container-demuxer-ogg: 62fdf1f143b41e24485cea50d1cbac27 -> 
  custom:video-encoder-webm-vp8: eb34c28f22e8b96e1ab97ce403110664 -> 
  custom:video-decoder-webm-vp8: 9c59270c3fd7afecdb556c50c9e8de78 -> 
  custom:audio-decoder-ogg-vorbis: bf7c407c2cedff20999df2af8eb42d56 -> 
  custom:audio-encoder-webm-vorbis: bf7c407c2cedff20999df2af8eb42d56 -> 
========================================================================
Received Prepare
Registering precompiled user dll's ...
Registered in 0.007851 seconds.
Begin MonoManager ReloadAssembly
Native extension for WindowsStandalone target not found
Native extension for OSXStandalone target not found
Native extension for WebGL target not found
Refreshing native plugins compatible for Editor in 0.50 ms, found 3 plugins.
Preloading 0 native plugins for Editor in 0.00 ms.
Mono: successfully reloaded assembly
- Completed reload, in  1.392 seconds
Domain Reload Profiling:
	ReloadAssembly (1393ms)
		BeginReloadAssembly (190ms)
			ExecutionOrderSort (0ms)
			DisableScriptedObjects (8ms)
			BackupInstance (0ms)
			ReleaseScriptingObjects (0ms)
			CreateAndSetChildDomain (53ms)
		EndReloadAssembly (1102ms)
			LoadAssemblies (170ms)
			RebuildTransferFunctionScriptingTraits (0ms)
			SetupTypeCache (362ms)
			ReleaseScriptCaches (1ms)
			RebuildScriptCaches (54ms)
			SetupLoadedEditorAssemblies (430ms)
				LogAssemblyErrors (0ms)
				InitializePlatformSupportModulesInManaged (7ms)
				SetLoadedEditorAssemblies (0ms)
				RefreshPlugins (1ms)
				BeforeProcessingInitializeOnLoad (111ms)
				ProcessInitializeOnLoadAttributes (298ms)
				ProcessInitializeOnLoadMethodAttributes (4ms)
				AfterProcessingInitializeOnLoad (8ms)
				EditorAssembliesLoaded (0ms)
			ExecutionOrderSort2 (0ms)
			AwakeInstancesAfterBackupRestoration (9ms)
Platform modules already initialized, skipping
Refreshing native plugins compatible for Editor in 0.47 ms, found 3 plugins.
Preloading 0 native plugins for Editor in 0.00 ms.
Unloading 2230 Unused Serialized files (Serialized files now loaded: 0)
System memory in use before: 105.7 MB.
System memory in use after: 105.2 MB.

Unloading 31 unused Assets to reduce memory usage. Loaded Objects now: 2730.
Total: 3.114000 ms (FindLiveObjects: 0.232500 ms CreateObjectMapping: 0.101000 ms MarkObjects: 2.459300 ms  DeleteObjects: 0.320400 ms)

AssetImportParameters requested are different than current active one (requested -> active):
  custom:framework-win-MediaFoundation: 216162199b28c13a410421893ffa2e32 -> 
  custom:video-decoder-ogg-theora: a1e56fd34408186e4bbccfd4996cb3dc -> 
  custom:container-muxer-webm: aa71ff27fc2769a1b78a27578f13a17b -> 
  custom:container-demuxer-webm: 4f35f7cbe854078d1ac9338744f61a02 -> 
  custom:container-demuxer-ogg: 62fdf1f143b41e24485cea50d1cbac27 -> 
  custom:video-encoder-webm-vp8: eb34c28f22e8b96e1ab97ce403110664 -> 
  custom:video-decoder-webm-vp8: 9c59270c3fd7afecdb556c50c9e8de78 -> 
  custom:audio-decoder-ogg-vorbis: bf7c407c2cedff20999df2af8eb42d56 -> 
  custom:audio-encoder-webm-vorbis: bf7c407c2cedff20999df2af8eb42d56 -> 
AssetImportWorkerClient::OnTransportError - code=2 error=End of file
